<?xml version="1.0" encoding="UTF-8"?>
<testsuite xmlns:xsi="http://www.w3.org/2001/XMLSchema-instance" xsi:noNamespaceSchemaLocation="https://maven.apache.org/surefire/maven-surefire-plugin/xsd/surefire-test-report-3.0.xsd" version="3.0" name="com.moderneinstein.web.vertx.BaseTestVerticle" time="0.456" tests="2" errors="0" skipped="0" failures="0">
  <properties>
[...]
</properties>
  <testcase name="Trials" classname="com.moderneinstein.web.vertx.BaseTestVerticle" time="0.048">
    <system-out><![CDATA[44
Versions Indicator main5
Versions Indicator main5
66
]]></system-out>
    <system-err><![CDATA[Oct 05, 2023 8:13:22 PM com.moderneinstein.web.vertx.Utilities LogEntry
INFO: Start Line

Oct 05, 2023 8:13:22 PM com.moderneinstein.web.vertx.Utilities LogEntry
INFO: main5
Oct 05, 2023 8:13:22 PM com.moderneinstein.web.vertx.Utilities LogEntry
INFO: com.moderneinstein.web.vertx.BaseTestVerticle
Oct 05, 2023 8:13:22 PM com.moderneinstein.web.vertx.Utilities LogEntry
INFO: End Line

Oct 05, 2023 8:13:22 PM com.moderneinstein.web.vertx.Utilities LogEntry
INFO: Start Line

Oct 05, 2023 8:13:22 PM com.moderneinstein.web.vertx.Utilities LogEntry
INFO: main5
Oct 05, 2023 8:13:22 PM com.moderneinstein.web.vertx.Utilities LogEntry
INFO: class com.moderneinstein.web.vertx.BaseTestVerticle
Oct 05, 2023 8:13:22 PM com.moderneinstein.web.vertx.Utilities LogEntry
INFO: End Line

]]></system-err>
  </testcase>
  <testcase name="start" classname="com.moderneinstein.web.vertx.BaseTestVerticle" time="0.38"/>
</testsuite>